<?xml version="1.0" encoding="UTF-8"?>
<testng-results ignored="0" total="0" passed="0" failed="0" skipped="0">
  <reporter-output>
  </reporter-output>
  <suite started-at="2025-09-01T15:35:50 IST" name="DemoblazeAutomationSuite" finished-at="2025-09-01T15:35:50 IST" duration-ms="13">
    <groups>
    </groups>
    <test started-at="2025-09-01T15:35:50 IST" name="FirefoxTests" finished-at="2025-09-01T15:35:50 IST" duration-ms="13">
    </test> <!-- FirefoxTests -->
    <test started-at="2025-09-01T15:35:50 IST" name="EdgeTests" finished-at="2025-09-01T15:35:50 IST" duration-ms="13">
    </test> <!-- EdgeTests -->
    <test started-at="2025-09-01T15:35:50 IST" name="ChromeTests" finished-at="2025-09-01T15:35:50 IST" duration-ms="13">
    </test> <!-- ChromeTests -->
  </suite> <!-- DemoblazeAutomationSuite -->
</testng-results>
